Arguments: 
  /usr/local/bin/node /usr/local/bin/yarn run test

PATH: 
  /usr/local/bin:/Users/ken/.yarn/bin:/usr/local/share/android-sdk/platform-tools:.:/usr/local/bin:/usr/bin:/bin:/usr/sbin:/sbin:/usr/local/MacGPG2/bin:/Users/ken/.yarn/bin:/usr/local/share/android-sdk/platform-tools:.:/Users/ken/Library/Python/2.7/bin:/usr/local/sbin:/opt/local/bin:/opt/local/sbin:/opt/X11/bin:/Users/kensnyder/.rvm/bin:/Users/kensnyder/.ec2/bin:/Developer/usr/bin:/Users/kensnyder/pear/bin:/usr/local/share/npm/bin:/Applications/Couchbase Server.app/Contents/Resources/couchbase-core/bin:/Users/kensnyder/repos/mine/api/commandline/bin:/Users/ken/Library/Python/2.7/bin:/usr/local/sbin:/usr/local/bin:/opt/local/bin:/opt/local/sbin:/usr/local/bin:/usr/bin:/bin:/usr/sbin:/sbin:/opt/X11/bin:/Users/kensnyder/.rvm/bin:/Users/kensnyder/.ec2/bin:/Developer/usr/bin:/Users/kensnyder/pear/bin:/usr/local/share/npm/bin:/Applications/Couchbase Server.app/Contents/Resources/couchbase-core/bin:/Users/kensnyder/repos/mine/api/commandline/bin

Yarn version: 
  1.5.1

Node version: 
  8.9.4

Platform: 
  darwin x64

npm manifest: 
  {
    "name": "common-types",
    "version": "1.6.10",
    "description": "Common types not included in Typescript",
    "repository": "https://github.com/lifegadget/common-types",
    "main": "lib/common-types.js",
    "types": "lib/common-types.d.ts",
    "files": ["lib/common-types.js", "lib/common-types.d.ts", "lib/common-types.js.map"],
    "scripts": {
      "test": "echo \"Error: no test specified\" && exit 1",
      "build": "tsc"
    },
    "author": "Ken Snyder <ken@ken.net>",
    "license": "MIT",
    "dependencies": {},
    "devDependencies": {}
  }

yarn manifest: 
  No manifest

Lockfile: 
  # THIS IS AN AUTOGENERATED FILE. DO NOT EDIT THIS FILE DIRECTLY.
  # yarn lockfile v1

Trace: 
  Error: Command failed.
  Exit code: 1
  Command: sh
  Arguments: -c echo "Error: no test specified" && exit 1
  Directory: /Users/ken/mine/oss/common-types
  Output:
  
      at ProcessTermError.MessageError (/usr/local/lib/node_modules/yarn/lib/cli.js:186:110)
      at new ProcessTermError (/usr/local/lib/node_modules/yarn/lib/cli.js:226:113)
      at ChildProcess.<anonymous> (/usr/local/lib/node_modules/yarn/lib/cli.js:30281:17)
      at emitTwo (events.js:126:13)
      at ChildProcess.emit (events.js:214:7)
      at maybeClose (internal/child_process.js:925:16)
      at Process.ChildProcess._handle.onexit (internal/child_process.js:209:5)
